"Deploying ASA: allFieldASA":
    asset-index: 7
    confirmed-round: 7
    pool-error: ""
    txn:
        sig:
            - 207
            - 192
            - 0
            - 2
            - 74
            - 132
            - 208
            - 15
            - 208
            - 177
            - 14
            - 75
            - 141
            - 83
            - 161
            - 176
            - 221
            - 9
            - 128
            - 213
            - 200
            - 12
            - 72
            - 158
            - 114
            - 232
            - 139
            - 214
            - 5
            - 17
            - 18
            - 167
            - 194
            - 182
            - 106
            - 100
            - 55
            - 100
            - 34
            - 233
            - 114
            - 62
            - 100
            - 41
            - 140
            - 155
            - 246
            - 44
            - 194
            - 13
            - 30
            - 82
            - 15
            - 165
            - 58
            - 82
            - 249
            - 223
            - 184
            - 208
            - 140
            - 72
            - 209
            - 2
        txn:
            apar:
                am:
                    - 49
                    - 50
                    - 51
                    - 49
                    - 50
                    - 52
                    - 52
                    - 50
                    - 49
                    - 52
                    - 50
                    - 49
                    - 52
                    - 49
                    - 50
                    - 52
                    - 49
                    - 50
                    - 52
                    - 52
                    - 52
                    - 52
                    - 52
                    - 52
                    - 49
                    - 49
                    - 49
                    - 49
                    - 49
                    - 49
                    - 51
                    - 51
                an: allFieldASA
                au: url
                c:
                    - 181
                    - 176
                    - 219
                    - 238
                    - 106
                    - 134
                    - 42
                    - 72
                    - 146
                    - 178
                    - 183
                    - 161
                    - 7
                    - 238
                    - 87
                    - 145
                    - 92
                    - 34
                    - 110
                    - 74
                    - 164
                    - 136
                    - 138
                    - 167
                    - 248
                    - 1
                    - 168
                    - 242
                    - 0
                    - 77
                    - 71
                    - 104
                df: true
                f:
                    - 181
                    - 176
                    - 219
                    - 238
                    - 106
                    - 134
                    - 42
                    - 72
                    - 146
                    - 178
                    - 183
                    - 161
                    - 7
                    - 238
                    - 87
                    - 145
                    - 92
                    - 34
                    - 110
                    - 74
                    - 164
                    - 136
                    - 138
                    - 167
                    - 248
                    - 1
                    - 168
                    - 242
                    - 0
                    - 77
                    - 71
                    - 104
                m:
                    - 181
                    - 176
                    - 219
                    - 238
                    - 106
                    - 134
                    - 42
                    - 72
                    - 146
                    - 178
                    - 183
                    - 161
                    - 7
                    - 238
                    - 87
                    - 145
                    - 92
                    - 34
                    - 110
                    - 74
                    - 164
                    - 136
                    - 138
                    - 167
                    - 248
                    - 1
                    - 168
                    - 242
                    - 0
                    - 77
                    - 71
                    - 104
                r:
                    - 181
                    - 176
                    - 219
                    - 238
                    - 106
                    - 134
                    - 42
                    - 72
                    - 146
                    - 178
                    - 183
                    - 161
                    - 7
                    - 238
                    - 87
                    - 145
                    - 92
                    - 34
                    - 110
                    - 74
                    - 164
                    - 136
                    - 138
                    - 167
                    - 248
                    - 1
                    - 168
                    - 242
                    - 0
                    - 77
                    - 71
                    - 104
                t: 1
                un: unitName
            fee: 4330
            fv: 6
            gen: sandnet-v1
            gh:
                - 162
                - 56
                - 17
                - 220
                - 93
                - 187
                - 105
                - 81
                - 44
                - 180
                - 129
                - 217
                - 238
                - 115
                - 77
                - 104
                - 195
                - 142
                - 55
                - 206
                - 217
                - 92
                - 188
                - 226
                - 96
                - 66
                - 247
                - 242
                - 249
                - 186
                - 94
                - 17
            lv: 1006
            note:
                - 110
                - 111
                - 116
                - 101
                - 98
                - 54
                - 52
            snd:
                - 7
                - 170
                - 201
                - 143
                - 96
                - 106
                - 98
                - 214
                - 5
                - 221
                - 53
                - 67
                - 244
                - 177
                - 242
                - 130
                - 195
                - 75
                - 102
                - 139
                - 248
                - 81
                - 33
                - 44
                - 153
                - 2
                - 76
                - 6
                - 3
                - 21
                - 212
                - 167
            type: acfg
