"Deploying ASA: minimumASA1":
    asset-index: 20
    confirmed-round: 20
    pool-error: ""
    txn:
        sig:
            - 149
            - 155
            - 227
            - 39
            - 224
            - 88
            - 135
            - 210
            - 105
            - 127
            - 204
            - 40
            - 120
            - 205
            - 129
            - 98
            - 197
            - 44
            - 235
            - 94
            - 101
            - 126
            - 48
            - 193
            - 215
            - 255
            - 199
            - 143
            - 185
            - 115
            - 66
            - 133
            - 58
            - 109
            - 100
            - 58
            - 104
            - 2
            - 120
            - 20
            - 246
            - 158
            - 13
            - 4
            - 143
            - 97
            - 168
            - 65
            - 129
            - 155
            - 50
            - 79
            - 160
            - 236
            - 72
            - 234
            - 124
            - 109
            - 24
            - 77
            - 125
            - 247
            - 7
            - 8
        txn:
            apar:
                an: minimumASA1
                t: 1
                un: unitName
            fee: 2270
            fv: 19
            gen: sandnet-v1
            gh:
                - 162
                - 56
                - 17
                - 220
                - 93
                - 187
                - 105
                - 81
                - 44
                - 180
                - 129
                - 217
                - 238
                - 115
                - 77
                - 104
                - 195
                - 142
                - 55
                - 206
                - 217
                - 92
                - 188
                - 226
                - 96
                - 66
                - 247
                - 242
                - 249
                - 186
                - 94
                - 17
            lv: 1019
            snd:
                - 7
                - 170
                - 201
                - 143
                - 96
                - 106
                - 98
                - 214
                - 5
                - 221
                - 53
                - 67
                - 244
                - 177
                - 242
                - 130
                - 195
                - 75
                - 102
                - 139
                - 248
                - 81
                - 33
                - 44
                - 153
                - 2
                - 76
                - 6
                - 3
                - 21
                - 212
                - 167
            type: acfg
