"Deploying ASA: minimumASA1":
    asset-index: 6
    confirmed-round: 6
    pool-error: ""
    txn:
        sig:
            - 59
            - 228
            - 191
            - 137
            - 245
            - 20
            - 250
            - 53
            - 66
            - 185
            - 163
            - 65
            - 193
            - 74
            - 242
            - 199
            - 36
            - 161
            - 11
            - 162
            - 242
            - 24
            - 3
            - 193
            - 86
            - 46
            - 210
            - 201
            - 9
            - 242
            - 236
            - 140
            - 177
            - 63
            - 85
            - 30
            - 208
            - 61
            - 97
            - 16
            - 68
            - 144
            - 153
            - 118
            - 8
            - 112
            - 46
            - 185
            - 101
            - 184
            - 82
            - 143
            - 104
            - 72
            - 196
            - 16
            - 176
            - 227
            - 84
            - 39
            - 229
            - 118
            - 39
            - 6
        txn:
            apar:
                an: minimumASA1
                t: 1
                un: unitName
            fee: 2270
            fv: 5
            gen: sandnet-v1
            gh:
                - 162
                - 56
                - 17
                - 220
                - 93
                - 187
                - 105
                - 81
                - 44
                - 180
                - 129
                - 217
                - 238
                - 115
                - 77
                - 104
                - 195
                - 142
                - 55
                - 206
                - 217
                - 92
                - 188
                - 226
                - 96
                - 66
                - 247
                - 242
                - 249
                - 186
                - 94
                - 17
            lv: 1005
            snd:
                - 7
                - 170
                - 201
                - 143
                - 96
                - 106
                - 98
                - 214
                - 5
                - 221
                - 53
                - 67
                - 244
                - 177
                - 242
                - 130
                - 195
                - 75
                - 102
                - 139
                - 248
                - 81
                - 33
                - 44
                - 153
                - 2
                - 76
                - 6
                - 3
                - 21
                - 212
                - 167
            type: acfg
