"Deploying ASA: minimumASA":
    asset-index: 11
    confirmed-round: 11
    pool-error: ""
    txn:
        sig:
            - 228
            - 11
            - 51
            - 35
            - 150
            - 166
            - 199
            - 88
            - 253
            - 241
            - 243
            - 227
            - 43
            - 96
            - 180
            - 24
            - 237
            - 193
            - 166
            - 217
            - 55
            - 147
            - 99
            - 165
            - 68
            - 173
            - 167
            - 61
            - 144
            - 6
            - 153
            - 129
            - 57
            - 199
            - 102
            - 139
            - 43
            - 205
            - 161
            - 103
            - 76
            - 176
            - 205
            - 183
            - 64
            - 205
            - 35
            - 96
            - 218
            - 131
            - 144
            - 232
            - 5
            - 25
            - 24
            - 205
            - 58
            - 114
            - 35
            - 194
            - 161
            - 71
            - 198
            - 4
        txn:
            apar:
                an: minimumASA
                t: 1
                un: unitName
            fee: 228000
            fv: 10
            gen: sandnet-v1
            gh:
                - 162
                - 56
                - 17
                - 220
                - 93
                - 187
                - 105
                - 81
                - 44
                - 180
                - 129
                - 217
                - 238
                - 115
                - 77
                - 104
                - 195
                - 142
                - 55
                - 206
                - 217
                - 92
                - 188
                - 226
                - 96
                - 66
                - 247
                - 242
                - 249
                - 186
                - 94
                - 17
            lv: 1010
            snd:
                - 7
                - 170
                - 201
                - 143
                - 96
                - 106
                - 98
                - 214
                - 5
                - 221
                - 53
                - 67
                - 244
                - 177
                - 242
                - 130
                - 195
                - 75
                - 102
                - 139
                - 248
                - 81
                - 33
                - 44
                - 153
                - 2
                - 76
                - 6
                - 3
                - 21
                - 212
                - 167
            type: acfg
