"Deploying ASA: allFieldASA":
    asset-index: 21
    confirmed-round: 21
    pool-error: ""
    txn:
        sig:
            - 112
            - 22
            - 216
            - 3
            - 215
            - 37
            - 213
            - 59
            - 3
            - 57
            - 71
            - 170
            - 228
            - 155
            - 196
            - 218
            - 150
            - 211
            - 209
            - 253
            - 224
            - 97
            - 82
            - 30
            - 157
            - 74
            - 83
            - 129
            - 247
            - 149
            - 251
            - 195
            - 196
            - 72
            - 134
            - 35
            - 246
            - 179
            - 159
            - 140
            - 111
            - 178
            - 204
            - 98
            - 126
            - 60
            - 212
            - 164
            - 208
            - 4
            - 95
            - 232
            - 30
            - 51
            - 115
            - 132
            - 157
            - 179
            - 57
            - 105
            - 46
            - 32
            - 153
            - 7
        txn:
            apar:
                am:
                    - 49
                    - 50
                    - 51
                    - 49
                    - 50
                    - 52
                    - 52
                    - 50
                    - 49
                    - 52
                    - 50
                    - 49
                    - 52
                    - 49
                    - 50
                    - 52
                    - 49
                    - 50
                    - 52
                    - 52
                    - 52
                    - 52
                    - 52
                    - 52
                    - 49
                    - 49
                    - 49
                    - 49
                    - 49
                    - 49
                    - 51
                    - 51
                an: allFieldASA
                au: url
                c:
                    - 181
                    - 176
                    - 219
                    - 238
                    - 106
                    - 134
                    - 42
                    - 72
                    - 146
                    - 178
                    - 183
                    - 161
                    - 7
                    - 238
                    - 87
                    - 145
                    - 92
                    - 34
                    - 110
                    - 74
                    - 164
                    - 136
                    - 138
                    - 167
                    - 248
                    - 1
                    - 168
                    - 242
                    - 0
                    - 77
                    - 71
                    - 104
                df: true
                f:
                    - 181
                    - 176
                    - 219
                    - 238
                    - 106
                    - 134
                    - 42
                    - 72
                    - 146
                    - 178
                    - 183
                    - 161
                    - 7
                    - 238
                    - 87
                    - 145
                    - 92
                    - 34
                    - 110
                    - 74
                    - 164
                    - 136
                    - 138
                    - 167
                    - 248
                    - 1
                    - 168
                    - 242
                    - 0
                    - 77
                    - 71
                    - 104
                m:
                    - 181
                    - 176
                    - 219
                    - 238
                    - 106
                    - 134
                    - 42
                    - 72
                    - 146
                    - 178
                    - 183
                    - 161
                    - 7
                    - 238
                    - 87
                    - 145
                    - 92
                    - 34
                    - 110
                    - 74
                    - 164
                    - 136
                    - 138
                    - 167
                    - 248
                    - 1
                    - 168
                    - 242
                    - 0
                    - 77
                    - 71
                    - 104
                r:
                    - 181
                    - 176
                    - 219
                    - 238
                    - 106
                    - 134
                    - 42
                    - 72
                    - 146
                    - 178
                    - 183
                    - 161
                    - 7
                    - 238
                    - 87
                    - 145
                    - 92
                    - 34
                    - 110
                    - 74
                    - 164
                    - 136
                    - 138
                    - 167
                    - 248
                    - 1
                    - 168
                    - 242
                    - 0
                    - 77
                    - 71
                    - 104
                t: 1
                un: unitName
            fee: 4330
            fv: 20
            gen: sandnet-v1
            gh:
                - 162
                - 56
                - 17
                - 220
                - 93
                - 187
                - 105
                - 81
                - 44
                - 180
                - 129
                - 217
                - 238
                - 115
                - 77
                - 104
                - 195
                - 142
                - 55
                - 206
                - 217
                - 92
                - 188
                - 226
                - 96
                - 66
                - 247
                - 242
                - 249
                - 186
                - 94
                - 17
            lv: 1020
            note:
                - 110
                - 111
                - 116
                - 101
                - 98
                - 54
                - 52
            snd:
                - 7
                - 170
                - 201
                - 143
                - 96
                - 106
                - 98
                - 214
                - 5
                - 221
                - 53
                - 67
                - 244
                - 177
                - 242
                - 130
                - 195
                - 75
                - 102
                - 139
                - 248
                - 81
                - 33
                - 44
                - 153
                - 2
                - 76
                - 6
                - 3
                - 21
                - 212
                - 167
            type: acfg
