"Deploying ASA: minimumASA1":
    asset-index: 8
    confirmed-round: 8
    pool-error: ""
    txn:
        sig:
            - 0
            - 7
            - 203
            - 136
            - 23
            - 9
            - 235
            - 37
            - 150
            - 90
            - 231
            - 19
            - 81
            - 194
            - 193
            - 156
            - 194
            - 207
            - 18
            - 145
            - 178
            - 10
            - 163
            - 189
            - 225
            - 94
            - 16
            - 57
            - 151
            - 27
            - 91
            - 232
            - 171
            - 164
            - 88
            - 212
            - 32
            - 66
            - 66
            - 11
            - 219
            - 226
            - 110
            - 157
            - 105
            - 126
            - 71
            - 232
            - 67
            - 203
            - 114
            - 154
            - 230
            - 252
            - 133
            - 138
            - 225
            - 248
            - 169
            - 46
            - 239
            - 237
            - 133
            - 1
        txn:
            apar:
                an: minimumASA1
                t: 1
                un: unitName
            fee: 2270
            fv: 7
            gen: sandnet-v1
            gh:
                - 162
                - 56
                - 17
                - 220
                - 93
                - 187
                - 105
                - 81
                - 44
                - 180
                - 129
                - 217
                - 238
                - 115
                - 77
                - 104
                - 195
                - 142
                - 55
                - 206
                - 217
                - 92
                - 188
                - 226
                - 96
                - 66
                - 247
                - 242
                - 249
                - 186
                - 94
                - 17
            lv: 1007
            snd:
                - 7
                - 170
                - 201
                - 143
                - 96
                - 106
                - 98
                - 214
                - 5
                - 221
                - 53
                - 67
                - 244
                - 177
                - 242
                - 130
                - 195
                - 75
                - 102
                - 139
                - 248
                - 81
                - 33
                - 44
                - 153
                - 2
                - 76
                - 6
                - 3
                - 21
                - 212
                - 167
            type: acfg
