"Deploying ASA: minimumASA":
    asset-index: 1
    confirmed-round: 1
    pool-error: ""
    txn:
        sig:
            - 134
            - 139
            - 138
            - 232
            - 129
            - 235
            - 1
            - 53
            - 167
            - 195
            - 46
            - 234
            - 135
            - 5
            - 115
            - 157
            - 67
            - 207
            - 88
            - 128
            - 82
            - 119
            - 7
            - 212
            - 228
            - 243
            - 42
            - 165
            - 49
            - 91
            - 127
            - 204
            - 49
            - 144
            - 165
            - 237
            - 197
            - 123
            - 38
            - 86
            - 11
            - 242
            - 62
            - 149
            - 8
            - 23
            - 116
            - 242
            - 129
            - 169
            - 21
            - 125
            - 239
            - 134
            - 4
            - 249
            - 188
            - 174
            - 225
            - 14
            - 178
            - 76
            - 164
            - 15
        txn:
            apar:
                an: minimumASA
                t: 1
                un: unitName
            fee: 224000
            gen: sandnet-v1
            gh:
                - 162
                - 56
                - 17
                - 220
                - 93
                - 187
                - 105
                - 81
                - 44
                - 180
                - 129
                - 217
                - 238
                - 115
                - 77
                - 104
                - 195
                - 142
                - 55
                - 206
                - 217
                - 92
                - 188
                - 226
                - 96
                - 66
                - 247
                - 242
                - 249
                - 186
                - 94
                - 17
            lv: 1000
            snd:
                - 7
                - 170
                - 201
                - 143
                - 96
                - 106
                - 98
                - 214
                - 5
                - 221
                - 53
                - 67
                - 244
                - 177
                - 242
                - 130
                - 195
                - 75
                - 102
                - 139
                - 248
                - 81
                - 33
                - 44
                - 153
                - 2
                - 76
                - 6
                - 3
                - 21
                - 212
                - 167
            type: acfg
