"Deploying ASA: allFieldASA":
    asset-index: 9
    confirmed-round: 9
    pool-error: ""
    txn:
        sig:
            - 240
            - 47
            - 27
            - 229
            - 178
            - 102
            - 42
            - 192
            - 18
            - 244
            - 188
            - 26
            - 236
            - 128
            - 83
            - 174
            - 252
            - 82
            - 26
            - 17
            - 60
            - 98
            - 123
            - 174
            - 56
            - 161
            - 232
            - 36
            - 240
            - 231
            - 247
            - 70
            - 16
            - 63
            - 155
            - 216
            - 230
            - 212
            - 199
            - 217
            - 187
            - 249
            - 144
            - 39
            - 29
            - 153
            - 101
            - 190
            - 42
            - 39
            - 109
            - 168
            - 119
            - 122
            - 69
            - 33
            - 145
            - 69
            - 220
            - 93
            - 233
            - 18
            - 41
            - 8
        txn:
            apar:
                am:
                    - 49
                    - 50
                    - 51
                    - 49
                    - 50
                    - 52
                    - 52
                    - 50
                    - 49
                    - 52
                    - 50
                    - 49
                    - 52
                    - 49
                    - 50
                    - 52
                    - 49
                    - 50
                    - 52
                    - 52
                    - 52
                    - 52
                    - 52
                    - 52
                    - 49
                    - 49
                    - 49
                    - 49
                    - 49
                    - 49
                    - 51
                    - 51
                an: allFieldASA
                au: url
                c:
                    - 181
                    - 176
                    - 219
                    - 238
                    - 106
                    - 134
                    - 42
                    - 72
                    - 146
                    - 178
                    - 183
                    - 161
                    - 7
                    - 238
                    - 87
                    - 145
                    - 92
                    - 34
                    - 110
                    - 74
                    - 164
                    - 136
                    - 138
                    - 167
                    - 248
                    - 1
                    - 168
                    - 242
                    - 0
                    - 77
                    - 71
                    - 104
                df: true
                f:
                    - 181
                    - 176
                    - 219
                    - 238
                    - 106
                    - 134
                    - 42
                    - 72
                    - 146
                    - 178
                    - 183
                    - 161
                    - 7
                    - 238
                    - 87
                    - 145
                    - 92
                    - 34
                    - 110
                    - 74
                    - 164
                    - 136
                    - 138
                    - 167
                    - 248
                    - 1
                    - 168
                    - 242
                    - 0
                    - 77
                    - 71
                    - 104
                m:
                    - 181
                    - 176
                    - 219
                    - 238
                    - 106
                    - 134
                    - 42
                    - 72
                    - 146
                    - 178
                    - 183
                    - 161
                    - 7
                    - 238
                    - 87
                    - 145
                    - 92
                    - 34
                    - 110
                    - 74
                    - 164
                    - 136
                    - 138
                    - 167
                    - 248
                    - 1
                    - 168
                    - 242
                    - 0
                    - 77
                    - 71
                    - 104
                r:
                    - 181
                    - 176
                    - 219
                    - 238
                    - 106
                    - 134
                    - 42
                    - 72
                    - 146
                    - 178
                    - 183
                    - 161
                    - 7
                    - 238
                    - 87
                    - 145
                    - 92
                    - 34
                    - 110
                    - 74
                    - 164
                    - 136
                    - 138
                    - 167
                    - 248
                    - 1
                    - 168
                    - 242
                    - 0
                    - 77
                    - 71
                    - 104
                t: 1
                un: unitName
            fee: 4330
            fv: 8
            gen: sandnet-v1
            gh:
                - 162
                - 56
                - 17
                - 220
                - 93
                - 187
                - 105
                - 81
                - 44
                - 180
                - 129
                - 217
                - 238
                - 115
                - 77
                - 104
                - 195
                - 142
                - 55
                - 206
                - 217
                - 92
                - 188
                - 226
                - 96
                - 66
                - 247
                - 242
                - 249
                - 186
                - 94
                - 17
            lv: 1008
            note:
                - 110
                - 111
                - 116
                - 101
                - 98
                - 54
                - 52
            snd:
                - 7
                - 170
                - 201
                - 143
                - 96
                - 106
                - 98
                - 214
                - 5
                - 221
                - 53
                - 67
                - 244
                - 177
                - 242
                - 130
                - 195
                - 75
                - 102
                - 139
                - 248
                - 81
                - 33
                - 44
                - 153
                - 2
                - 76
                - 6
                - 3
                - 21
                - 212
                - 167
            type: acfg
