"Deploying ASA: minimumASA":
    asset-index: 25
    confirmed-round: 25
    pool-error: ""
    txn:
        sig:
            - 41
            - 83
            - 45
            - 207
            - 199
            - 87
            - 41
            - 68
            - 20
            - 163
            - 6
            - 2
            - 248
            - 200
            - 127
            - 25
            - 150
            - 10
            - 65
            - 144
            - 40
            - 32
            - 181
            - 237
            - 166
            - 114
            - 246
            - 145
            - 117
            - 201
            - 16
            - 236
            - 27
            - 226
            - 80
            - 77
            - 144
            - 98
            - 172
            - 26
            - 254
            - 58
            - 252
            - 71
            - 44
            - 230
            - 164
            - 63
            - 82
            - 229
            - 88
            - 147
            - 17
            - 163
            - 83
            - 65
            - 220
            - 113
            - 77
            - 111
            - 85
            - 92
            - 50
            - 3
        txn:
            apar:
                an: minimumASA
                t: 1
                un: unitName
            fee: 228000
            fv: 24
            gen: sandnet-v1
            gh:
                - 162
                - 56
                - 17
                - 220
                - 93
                - 187
                - 105
                - 81
                - 44
                - 180
                - 129
                - 217
                - 238
                - 115
                - 77
                - 104
                - 195
                - 142
                - 55
                - 206
                - 217
                - 92
                - 188
                - 226
                - 96
                - 66
                - 247
                - 242
                - 249
                - 186
                - 94
                - 17
            lv: 1024
            snd:
                - 7
                - 170
                - 201
                - 143
                - 96
                - 106
                - 98
                - 214
                - 5
                - 221
                - 53
                - 67
                - 244
                - 177
                - 242
                - 130
                - 195
                - 75
                - 102
                - 139
                - 248
                - 81
                - 33
                - 44
                - 153
                - 2
                - 76
                - 6
                - 3
                - 21
                - 212
                - 167
            type: acfg
