"Deploying ASA: minimumASA":
    asset-index: 13
    confirmed-round: 13
    pool-error: ""
    txn:
        sig:
            - 73
            - 207
            - 173
            - 205
            - 117
            - 24
            - 243
            - 203
            - 118
            - 32
            - 168
            - 228
            - 229
            - 26
            - 0
            - 117
            - 61
            - 219
            - 45
            - 205
            - 55
            - 224
            - 91
            - 41
            - 95
            - 229
            - 126
            - 119
            - 10
            - 99
            - 143
            - 139
            - 48
            - 215
            - 90
            - 148
            - 143
            - 13
            - 28
            - 57
            - 25
            - 194
            - 232
            - 21
            - 228
            - 221
            - 29
            - 85
            - 138
            - 88
            - 19
            - 139
            - 98
            - 239
            - 229
            - 191
            - 227
            - 62
            - 229
            - 152
            - 46
            - 23
            - 151
            - 0
        txn:
            apar:
                an: minimumASA
                t: 1
                un: unitName
            fee: 228000
            fv: 12
            gen: sandnet-v1
            gh:
                - 162
                - 56
                - 17
                - 220
                - 93
                - 187
                - 105
                - 81
                - 44
                - 180
                - 129
                - 217
                - 238
                - 115
                - 77
                - 104
                - 195
                - 142
                - 55
                - 206
                - 217
                - 92
                - 188
                - 226
                - 96
                - 66
                - 247
                - 242
                - 249
                - 186
                - 94
                - 17
            lv: 1012
            snd:
                - 7
                - 170
                - 201
                - 143
                - 96
                - 106
                - 98
                - 214
                - 5
                - 221
                - 53
                - 67
                - 244
                - 177
                - 242
                - 130
                - 195
                - 75
                - 102
                - 139
                - 248
                - 81
                - 33
                - 44
                - 153
                - 2
                - 76
                - 6
                - 3
                - 21
                - 212
                - 167
            type: acfg
