"Deploying ASA: minimumASA":
    asset-index: 7
    confirmed-round: 7
    pool-error: ""
    txn:
        sig:
            - 99
            - 56
            - 52
            - 254
            - 113
            - 234
            - 92
            - 42
            - 166
            - 247
            - 74
            - 139
            - 50
            - 174
            - 70
            - 233
            - 97
            - 245
            - 107
            - 166
            - 29
            - 110
            - 18
            - 85
            - 69
            - 168
            - 206
            - 196
            - 179
            - 209
            - 29
            - 225
            - 10
            - 220
            - 219
            - 223
            - 96
            - 15
            - 28
            - 47
            - 133
            - 95
            - 156
            - 96
            - 126
            - 208
            - 125
            - 183
            - 169
            - 245
            - 237
            - 154
            - 201
            - 7
            - 65
            - 107
            - 180
            - 67
            - 3
            - 169
            - 173
            - 119
            - 64
            - 14
        txn:
            apar:
                an: minimumASA
                t: 1
                un: unitName
            fee: 228000
            fv: 6
            gen: sandnet-v1
            gh:
                - 162
                - 56
                - 17
                - 220
                - 93
                - 187
                - 105
                - 81
                - 44
                - 180
                - 129
                - 217
                - 238
                - 115
                - 77
                - 104
                - 195
                - 142
                - 55
                - 206
                - 217
                - 92
                - 188
                - 226
                - 96
                - 66
                - 247
                - 242
                - 249
                - 186
                - 94
                - 17
            lv: 1006
            snd:
                - 7
                - 170
                - 201
                - 143
                - 96
                - 106
                - 98
                - 214
                - 5
                - 221
                - 53
                - 67
                - 244
                - 177
                - 242
                - 130
                - 195
                - 75
                - 102
                - 139
                - 248
                - 81
                - 33
                - 44
                - 153
                - 2
                - 76
                - 6
                - 3
                - 21
                - 212
                - 167
            type: acfg
