"Deploying ASA: minimumASA1":
    asset-index: 14
    confirmed-round: 14
    pool-error: ""
    txn:
        sig:
            - 216
            - 129
            - 236
            - 194
            - 15
            - 123
            - 101
            - 155
            - 183
            - 140
            - 88
            - 222
            - 38
            - 115
            - 199
            - 185
            - 80
            - 165
            - 58
            - 34
            - 147
            - 177
            - 184
            - 96
            - 252
            - 204
            - 99
            - 95
            - 17
            - 74
            - 7
            - 41
            - 241
            - 205
            - 171
            - 158
            - 138
            - 178
            - 38
            - 61
            - 160
            - 47
            - 218
            - 212
            - 188
            - 179
            - 212
            - 177
            - 165
            - 166
            - 183
            - 58
            - 69
            - 160
            - 131
            - 36
            - 124
            - 137
            - 105
            - 40
            - 121
            - 159
            - 211
            - 12
        txn:
            apar:
                an: minimumASA1
                t: 1
                un: unitName
            fee: 2270
            fv: 13
            gen: sandnet-v1
            gh:
                - 162
                - 56
                - 17
                - 220
                - 93
                - 187
                - 105
                - 81
                - 44
                - 180
                - 129
                - 217
                - 238
                - 115
                - 77
                - 104
                - 195
                - 142
                - 55
                - 206
                - 217
                - 92
                - 188
                - 226
                - 96
                - 66
                - 247
                - 242
                - 249
                - 186
                - 94
                - 17
            lv: 1013
            snd:
                - 7
                - 170
                - 201
                - 143
                - 96
                - 106
                - 98
                - 214
                - 5
                - 221
                - 53
                - 67
                - 244
                - 177
                - 242
                - 130
                - 195
                - 75
                - 102
                - 139
                - 248
                - 81
                - 33
                - 44
                - 153
                - 2
                - 76
                - 6
                - 3
                - 21
                - 212
                - 167
            type: acfg
