"Deploying ASA: minimumASA1":
    asset-index: 12
    confirmed-round: 12
    pool-error: ""
    txn:
        sig:
            - 234
            - 209
            - 184
            - 166
            - 14
            - 228
            - 115
            - 69
            - 201
            - 45
            - 36
            - 182
            - 57
            - 220
            - 242
            - 115
            - 241
            - 241
            - 155
            - 22
            - 213
            - 31
            - 149
            - 30
            - 163
            - 107
            - 243
            - 118
            - 27
            - 3
            - 50
            - 83
            - 144
            - 203
            - 144
            - 197
            - 7
            - 17
            - 208
            - 100
            - 122
            - 61
            - 121
            - 245
            - 112
            - 236
            - 48
            - 56
            - 59
            - 232
            - 73
            - 195
            - 195
            - 127
            - 27
            - 132
            - 67
            - 239
            - 135
            - 137
            - 234
            - 148
            - 66
            - 13
        txn:
            apar:
                an: minimumASA1
                t: 1
                un: unitName
            fee: 2270
            fv: 11
            gen: sandnet-v1
            gh:
                - 162
                - 56
                - 17
                - 220
                - 93
                - 187
                - 105
                - 81
                - 44
                - 180
                - 129
                - 217
                - 238
                - 115
                - 77
                - 104
                - 195
                - 142
                - 55
                - 206
                - 217
                - 92
                - 188
                - 226
                - 96
                - 66
                - 247
                - 242
                - 249
                - 186
                - 94
                - 17
            lv: 1011
            snd:
                - 7
                - 170
                - 201
                - 143
                - 96
                - 106
                - 98
                - 214
                - 5
                - 221
                - 53
                - 67
                - 244
                - 177
                - 242
                - 130
                - 195
                - 75
                - 102
                - 139
                - 248
                - 81
                - 33
                - 44
                - 153
                - 2
                - 76
                - 6
                - 3
                - 21
                - 212
                - 167
            type: acfg
