"Deploying ASA: minimumASA":
    asset-index: 5
    confirmed-round: 5
    pool-error: ""
    txn:
        sig:
            - 90
            - 77
            - 246
            - 225
            - 121
            - 127
            - 88
            - 140
            - 1
            - 73
            - 57
            - 218
            - 109
            - 101
            - 169
            - 91
            - 163
            - 125
            - 239
            - 17
            - 248
            - 204
            - 128
            - 181
            - 216
            - 4
            - 44
            - 10
            - 235
            - 24
            - 157
            - 116
            - 106
            - 54
            - 124
            - 12
            - 251
            - 244
            - 170
            - 120
            - 206
            - 53
            - 129
            - 217
            - 192
            - 149
            - 133
            - 102
            - 180
            - 32
            - 102
            - 104
            - 100
            - 0
            - 109
            - 180
            - 104
            - 146
            - 113
            - 89
            - 246
            - 98
            - 123
            - 12
        txn:
            apar:
                an: minimumASA
                t: 1
                un: unitName
            fee: 228000
            fv: 4
            gen: sandnet-v1
            gh:
                - 162
                - 56
                - 17
                - 220
                - 93
                - 187
                - 105
                - 81
                - 44
                - 180
                - 129
                - 217
                - 238
                - 115
                - 77
                - 104
                - 195
                - 142
                - 55
                - 206
                - 217
                - 92
                - 188
                - 226
                - 96
                - 66
                - 247
                - 242
                - 249
                - 186
                - 94
                - 17
            lv: 1004
            snd:
                - 7
                - 170
                - 201
                - 143
                - 96
                - 106
                - 98
                - 214
                - 5
                - 221
                - 53
                - 67
                - 244
                - 177
                - 242
                - 130
                - 195
                - 75
                - 102
                - 139
                - 248
                - 81
                - 33
                - 44
                - 153
                - 2
                - 76
                - 6
                - 3
                - 21
                - 212
                - 167
            type: acfg
