"Deploying ASA: minimumASA1":
    asset-index: 2
    confirmed-round: 2
    pool-error: ""
    txn:
        sig:
            - 112
            - 184
            - 132
            - 177
            - 153
            - 90
            - 52
            - 70
            - 217
            - 241
            - 242
            - 4
            - 98
            - 54
            - 40
            - 160
            - 220
            - 71
            - 224
            - 107
            - 53
            - 179
            - 110
            - 41
            - 73
            - 232
            - 3
            - 141
            - 92
            - 204
            - 197
            - 117
            - 162
            - 247
            - 213
            - 5
            - 53
            - 2
            - 214
            - 144
            - 6
            - 251
            - 204
            - 189
            - 170
            - 99
            - 40
            - 173
            - 115
            - 104
            - 157
            - 63
            - 95
            - 173
            - 94
            - 112
            - 121
            - 85
            - 149
            - 141
            - 23
            - 255
            - 185
            - 3
        txn:
            apar:
                an: minimumASA1
                t: 1
                un: unitName
            fee: 2270
            fv: 1
            gen: sandnet-v1
            gh:
                - 162
                - 56
                - 17
                - 220
                - 93
                - 187
                - 105
                - 81
                - 44
                - 180
                - 129
                - 217
                - 238
                - 115
                - 77
                - 104
                - 195
                - 142
                - 55
                - 206
                - 217
                - 92
                - 188
                - 226
                - 96
                - 66
                - 247
                - 242
                - 249
                - 186
                - 94
                - 17
            lv: 1001
            snd:
                - 7
                - 170
                - 201
                - 143
                - 96
                - 106
                - 98
                - 214
                - 5
                - 221
                - 53
                - 67
                - 244
                - 177
                - 242
                - 130
                - 195
                - 75
                - 102
                - 139
                - 248
                - 81
                - 33
                - 44
                - 153
                - 2
                - 76
                - 6
                - 3
                - 21
                - 212
                - 167
            type: acfg
