"Deploying ASA: minimumASA1":
    asset-index: 26
    confirmed-round: 26
    pool-error: ""
    txn:
        sig:
            - 245
            - 244
            - 156
            - 73
            - 221
            - 56
            - 209
            - 198
            - 16
            - 160
            - 109
            - 64
            - 146
            - 84
            - 163
            - 18
            - 72
            - 239
            - 35
            - 113
            - 111
            - 69
            - 43
            - 161
            - 250
            - 197
            - 111
            - 74
            - 163
            - 221
            - 181
            - 160
            - 236
            - 21
            - 171
            - 239
            - 252
            - 87
            - 108
            - 25
            - 109
            - 9
            - 43
            - 15
            - 72
            - 233
            - 108
            - 189
            - 3
            - 163
            - 137
            - 181
            - 202
            - 196
            - 115
            - 206
            - 201
            - 4
            - 83
            - 215
            - 135
            - 145
            - 223
            - 2
        txn:
            apar:
                an: minimumASA1
                t: 1
                un: unitName
            fee: 2270
            fv: 25
            gen: sandnet-v1
            gh:
                - 162
                - 56
                - 17
                - 220
                - 93
                - 187
                - 105
                - 81
                - 44
                - 180
                - 129
                - 217
                - 238
                - 115
                - 77
                - 104
                - 195
                - 142
                - 55
                - 206
                - 217
                - 92
                - 188
                - 226
                - 96
                - 66
                - 247
                - 242
                - 249
                - 186
                - 94
                - 17
            lv: 1025
            snd:
                - 7
                - 170
                - 201
                - 143
                - 96
                - 106
                - 98
                - 214
                - 5
                - 221
                - 53
                - 67
                - 244
                - 177
                - 242
                - 130
                - 195
                - 75
                - 102
                - 139
                - 248
                - 81
                - 33
                - 44
                - 153
                - 2
                - 76
                - 6
                - 3
                - 21
                - 212
                - 167
            type: acfg
