"Deploying ASA: allFieldASA":
    asset-index: 27
    confirmed-round: 27
    pool-error: ""
    txn:
        sig:
            - 47
            - 154
            - 184
            - 245
            - 197
            - 115
            - 83
            - 141
            - 16
            - 210
            - 12
            - 98
            - 93
            - 86
            - 82
            - 97
            - 107
            - 210
            - 254
            - 188
            - 185
            - 162
            - 186
            - 91
            - 0
            - 101
            - 108
            - 37
            - 4
            - 193
            - 82
            - 148
            - 193
            - 60
            - 68
            - 223
            - 235
            - 6
            - 246
            - 17
            - 222
            - 57
            - 83
            - 205
            - 74
            - 140
            - 95
            - 45
            - 170
            - 129
            - 237
            - 24
            - 72
            - 87
            - 58
            - 15
            - 19
            - 222
            - 198
            - 72
            - 75
            - 172
            - 213
            - 1
        txn:
            apar:
                am:
                    - 49
                    - 50
                    - 51
                    - 49
                    - 50
                    - 52
                    - 52
                    - 50
                    - 49
                    - 52
                    - 50
                    - 49
                    - 52
                    - 49
                    - 50
                    - 52
                    - 49
                    - 50
                    - 52
                    - 52
                    - 52
                    - 52
                    - 52
                    - 52
                    - 49
                    - 49
                    - 49
                    - 49
                    - 49
                    - 49
                    - 51
                    - 51
                an: allFieldASA
                au: url
                c:
                    - 181
                    - 176
                    - 219
                    - 238
                    - 106
                    - 134
                    - 42
                    - 72
                    - 146
                    - 178
                    - 183
                    - 161
                    - 7
                    - 238
                    - 87
                    - 145
                    - 92
                    - 34
                    - 110
                    - 74
                    - 164
                    - 136
                    - 138
                    - 167
                    - 248
                    - 1
                    - 168
                    - 242
                    - 0
                    - 77
                    - 71
                    - 104
                df: true
                f:
                    - 181
                    - 176
                    - 219
                    - 238
                    - 106
                    - 134
                    - 42
                    - 72
                    - 146
                    - 178
                    - 183
                    - 161
                    - 7
                    - 238
                    - 87
                    - 145
                    - 92
                    - 34
                    - 110
                    - 74
                    - 164
                    - 136
                    - 138
                    - 167
                    - 248
                    - 1
                    - 168
                    - 242
                    - 0
                    - 77
                    - 71
                    - 104
                m:
                    - 181
                    - 176
                    - 219
                    - 238
                    - 106
                    - 134
                    - 42
                    - 72
                    - 146
                    - 178
                    - 183
                    - 161
                    - 7
                    - 238
                    - 87
                    - 145
                    - 92
                    - 34
                    - 110
                    - 74
                    - 164
                    - 136
                    - 138
                    - 167
                    - 248
                    - 1
                    - 168
                    - 242
                    - 0
                    - 77
                    - 71
                    - 104
                r:
                    - 181
                    - 176
                    - 219
                    - 238
                    - 106
                    - 134
                    - 42
                    - 72
                    - 146
                    - 178
                    - 183
                    - 161
                    - 7
                    - 238
                    - 87
                    - 145
                    - 92
                    - 34
                    - 110
                    - 74
                    - 164
                    - 136
                    - 138
                    - 167
                    - 248
                    - 1
                    - 168
                    - 242
                    - 0
                    - 77
                    - 71
                    - 104
                t: 1
                un: unitName
            fee: 4330
            fv: 26
            gen: sandnet-v1
            gh:
                - 162
                - 56
                - 17
                - 220
                - 93
                - 187
                - 105
                - 81
                - 44
                - 180
                - 129
                - 217
                - 238
                - 115
                - 77
                - 104
                - 195
                - 142
                - 55
                - 206
                - 217
                - 92
                - 188
                - 226
                - 96
                - 66
                - 247
                - 242
                - 249
                - 186
                - 94
                - 17
            lv: 1026
            note:
                - 110
                - 111
                - 116
                - 101
                - 98
                - 54
                - 52
            snd:
                - 7
                - 170
                - 201
                - 143
                - 96
                - 106
                - 98
                - 214
                - 5
                - 221
                - 53
                - 67
                - 244
                - 177
                - 242
                - 130
                - 195
                - 75
                - 102
                - 139
                - 248
                - 81
                - 33
                - 44
                - 153
                - 2
                - 76
                - 6
                - 3
                - 21
                - 212
                - 167
            type: acfg
