"Deploying ASA: minimumASA":
    asset-index: 19
    confirmed-round: 19
    pool-error: ""
    txn:
        sig:
            - 129
            - 247
            - 135
            - 29
            - 28
            - 174
            - 94
            - 184
            - 26
            - 60
            - 98
            - 118
            - 239
            - 152
            - 176
            - 223
            - 160
            - 210
            - 22
            - 235
            - 225
            - 157
            - 37
            - 152
            - 232
            - 31
            - 154
            - 144
            - 32
            - 224
            - 126
            - 93
            - 141
            - 103
            - 128
            - 165
            - 117
            - 47
            - 191
            - 191
            - 161
            - 220
            - 195
            - 144
            - 206
            - 210
            - 182
            - 42
            - 11
            - 231
            - 23
            - 20
            - 40
            - 65
            - 135
            - 55
            - 137
            - 133
            - 98
            - 71
            - 55
            - 103
            - 56
            - 4
        txn:
            apar:
                an: minimumASA
                t: 1
                un: unitName
            fee: 228000
            fv: 18
            gen: sandnet-v1
            gh:
                - 162
                - 56
                - 17
                - 220
                - 93
                - 187
                - 105
                - 81
                - 44
                - 180
                - 129
                - 217
                - 238
                - 115
                - 77
                - 104
                - 195
                - 142
                - 55
                - 206
                - 217
                - 92
                - 188
                - 226
                - 96
                - 66
                - 247
                - 242
                - 249
                - 186
                - 94
                - 17
            lv: 1018
            snd:
                - 7
                - 170
                - 201
                - 143
                - 96
                - 106
                - 98
                - 214
                - 5
                - 221
                - 53
                - 67
                - 244
                - 177
                - 242
                - 130
                - 195
                - 75
                - 102
                - 139
                - 248
                - 81
                - 33
                - 44
                - 153
                - 2
                - 76
                - 6
                - 3
                - 21
                - 212
                - 167
            type: acfg
