"Funding Contract: II75XSDNKLRIZ2SNP3S6CAWI7CO2GNB4HSWFRUNL67UUIQ6PPZ3TOSG3BE\nLsig: fee-check.teal":
    confirmed-round: 16
    pool-error: ""
    txn:
        sig:
            - 157
            - 243
            - 178
            - 83
            - 224
            - 31
            - 101
            - 133
            - 204
            - 152
            - 178
            - 52
            - 250
            - 176
            - 17
            - 235
            - 119
            - 193
            - 172
            - 215
            - 23
            - 161
            - 158
            - 238
            - 113
            - 176
            - 30
            - 11
            - 84
            - 4
            - 184
            - 198
            - 203
            - 137
            - 118
            - 53
            - 238
            - 42
            - 188
            - 58
            - 137
            - 218
            - 239
            - 29
            - 150
            - 196
            - 170
            - 160
            - 219
            - 92
            - 55
            - 210
            - 109
            - 96
            - 201
            - 152
            - 114
            - 116
            - 111
            - 229
            - 68
            - 94
            - 32
            - 4
        txn:
            amt: 20000000
            fee: 239000
            fv: 15
            gen: sandnet-v1
            gh:
                - 162
                - 56
                - 17
                - 220
                - 93
                - 187
                - 105
                - 81
                - 44
                - 180
                - 129
                - 217
                - 238
                - 115
                - 77
                - 104
                - 195
                - 142
                - 55
                - 206
                - 217
                - 92
                - 188
                - 226
                - 96
                - 66
                - 247
                - 242
                - 249
                - 186
                - 94
                - 17
            lv: 1015
            rcv:
                - 66
                - 63
                - 219
                - 200
                - 109
                - 82
                - 226
                - 140
                - 234
                - 77
                - 126
                - 229
                - 225
                - 2
                - 200
                - 248
                - 157
                - 163
                - 52
                - 60
                - 60
                - 172
                - 88
                - 209
                - 171
                - 247
                - 233
                - 68
                - 67
                - 207
                - 126
                - 119
            snd:
                - 7
                - 170
                - 201
                - 143
                - 96
                - 106
                - 98
                - 214
                - 5
                - 221
                - 53
                - 67
                - 244
                - 177
                - 242
                - 130
                - 195
                - 75
                - 102
                - 139
                - 248
                - 81
                - 33
                - 44
                - 153
                - 2
                - 76
                - 6
                - 3
                - 21
                - 212
                - 167
            type: pay
