"Funding Contract: II75XSDNKLRIZ2SNP3S6CAWI7CO2GNB4HSWFRUNL67UUIQ6PPZ3TOSG3BE\nLsig: fee-check.teal":
    confirmed-round: 14
    pool-error: ""
    txn:
        sig:
            - 2
            - 92
            - 222
            - 233
            - 81
            - 143
            - 39
            - 192
            - 134
            - 43
            - 102
            - 132
            - 137
            - 165
            - 107
            - 213
            - 247
            - 26
            - 176
            - 190
            - 11
            - 112
            - 84
            - 40
            - 56
            - 64
            - 184
            - 241
            - 58
            - 178
            - 49
            - 16
            - 58
            - 148
            - 132
            - 165
            - 209
            - 7
            - 141
            - 133
            - 37
            - 214
            - 115
            - 83
            - 84
            - 223
            - 214
            - 201
            - 33
            - 62
            - 29
            - 144
            - 185
            - 31
            - 211
            - 112
            - 50
            - 218
            - 37
            - 6
            - 252
            - 124
            - 240
            - 12
        txn:
            amt: 20000000
            fee: 239000
            fv: 13
            gen: sandnet-v1
            gh:
                - 162
                - 56
                - 17
                - 220
                - 93
                - 187
                - 105
                - 81
                - 44
                - 180
                - 129
                - 217
                - 238
                - 115
                - 77
                - 104
                - 195
                - 142
                - 55
                - 206
                - 217
                - 92
                - 188
                - 226
                - 96
                - 66
                - 247
                - 242
                - 249
                - 186
                - 94
                - 17
            lv: 1013
            rcv:
                - 66
                - 63
                - 219
                - 200
                - 109
                - 82
                - 226
                - 140
                - 234
                - 77
                - 126
                - 229
                - 225
                - 2
                - 200
                - 248
                - 157
                - 163
                - 52
                - 60
                - 60
                - 172
                - 88
                - 209
                - 171
                - 247
                - 233
                - 68
                - 67
                - 207
                - 126
                - 119
            snd:
                - 7
                - 170
                - 201
                - 143
                - 96
                - 106
                - 98
                - 214
                - 5
                - 221
                - 53
                - 67
                - 244
                - 177
                - 242
                - 130
                - 195
                - 75
                - 102
                - 139
                - 248
                - 81
                - 33
                - 44
                - 153
                - 2
                - 76
                - 6
                - 3
                - 21
                - 212
                - 167
            type: pay
