"Funding Contract: II75XSDNKLRIZ2SNP3S6CAWI7CO2GNB4HSWFRUNL67UUIQ6PPZ3TOSG3BE\nLsig: fee-check.teal":
    confirmed-round: 22
    pool-error: ""
    txn:
        sig:
            - 117
            - 212
            - 155
            - 124
            - 69
            - 70
            - 222
            - 98
            - 125
            - 50
            - 25
            - 48
            - 136
            - 27
            - 74
            - 207
            - 167
            - 22
            - 5
            - 233
            - 166
            - 211
            - 203
            - 148
            - 39
            - 223
            - 217
            - 97
            - 199
            - 163
            - 11
            - 112
            - 44
            - 200
            - 53
            - 64
            - 229
            - 237
            - 43
            - 117
            - 73
            - 141
            - 173
            - 206
            - 239
            - 211
            - 230
            - 105
            - 186
            - 241
            - 108
            - 112
            - 196
            - 120
            - 16
            - 131
            - 189
            - 123
            - 143
            - 41
            - 161
            - 133
            - 165
            - 7
        txn:
            amt: 20000000
            fee: 239000
            fv: 21
            gen: sandnet-v1
            gh:
                - 162
                - 56
                - 17
                - 220
                - 93
                - 187
                - 105
                - 81
                - 44
                - 180
                - 129
                - 217
                - 238
                - 115
                - 77
                - 104
                - 195
                - 142
                - 55
                - 206
                - 217
                - 92
                - 188
                - 226
                - 96
                - 66
                - 247
                - 242
                - 249
                - 186
                - 94
                - 17
            lv: 1021
            rcv:
                - 66
                - 63
                - 219
                - 200
                - 109
                - 82
                - 226
                - 140
                - 234
                - 77
                - 126
                - 229
                - 225
                - 2
                - 200
                - 248
                - 157
                - 163
                - 52
                - 60
                - 60
                - 172
                - 88
                - 209
                - 171
                - 247
                - 233
                - 68
                - 67
                - 207
                - 126
                - 119
            snd:
                - 7
                - 170
                - 201
                - 143
                - 96
                - 106
                - 98
                - 214
                - 5
                - 221
                - 53
                - 67
                - 244
                - 177
                - 242
                - 130
                - 195
                - 75
                - 102
                - 139
                - 248
                - 81
                - 33
                - 44
                - 153
                - 2
                - 76
                - 6
                - 3
                - 21
                - 212
                - 167
            type: pay
