"Funding Contract: II75XSDNKLRIZ2SNP3S6CAWI7CO2GNB4HSWFRUNL67UUIQ6PPZ3TOSG3BE\nLsig: fee-check.teal":
    confirmed-round: 10
    pool-error: ""
    txn:
        sig:
            - 172
            - 32
            - 12
            - 106
            - 180
            - 120
            - 223
            - 178
            - 234
            - 6
            - 104
            - 169
            - 5
            - 133
            - 200
            - 93
            - 50
            - 12
            - 175
            - 84
            - 145
            - 214
            - 115
            - 186
            - 61
            - 89
            - 135
            - 180
            - 123
            - 192
            - 251
            - 202
            - 232
            - 211
            - 122
            - 89
            - 232
            - 101
            - 0
            - 228
            - 129
            - 184
            - 43
            - 191
            - 11
            - 117
            - 52
            - 125
            - 228
            - 149
            - 173
            - 60
            - 93
            - 219
            - 150
            - 208
            - 5
            - 234
            - 109
            - 48
            - 108
            - 153
            - 96
            - 5
        txn:
            amt: 20000000
            fee: 239000
            fv: 9
            gen: sandnet-v1
            gh:
                - 162
                - 56
                - 17
                - 220
                - 93
                - 187
                - 105
                - 81
                - 44
                - 180
                - 129
                - 217
                - 238
                - 115
                - 77
                - 104
                - 195
                - 142
                - 55
                - 206
                - 217
                - 92
                - 188
                - 226
                - 96
                - 66
                - 247
                - 242
                - 249
                - 186
                - 94
                - 17
            lv: 1009
            rcv:
                - 66
                - 63
                - 219
                - 200
                - 109
                - 82
                - 226
                - 140
                - 234
                - 77
                - 126
                - 229
                - 225
                - 2
                - 200
                - 248
                - 157
                - 163
                - 52
                - 60
                - 60
                - 172
                - 88
                - 209
                - 171
                - 247
                - 233
                - 68
                - 67
                - 207
                - 126
                - 119
            snd:
                - 7
                - 170
                - 201
                - 143
                - 96
                - 106
                - 98
                - 214
                - 5
                - 221
                - 53
                - 67
                - 244
                - 177
                - 242
                - 130
                - 195
                - 75
                - 102
                - 139
                - 248
                - 81
                - 33
                - 44
                - 153
                - 2
                - 76
                - 6
                - 3
                - 21
                - 212
                - 167
            type: pay
