"Funding Contract: II75XSDNKLRIZ2SNP3S6CAWI7CO2GNB4HSWFRUNL67UUIQ6PPZ3TOSG3BE\nLsig: fee-check.teal":
    confirmed-round: 28
    pool-error: ""
    txn:
        sig:
            - 184
            - 189
            - 26
            - 59
            - 246
            - 81
            - 193
            - 85
            - 214
            - 149
            - 204
            - 108
            - 222
            - 55
            - 244
            - 88
            - 44
            - 163
            - 4
            - 247
            - 51
            - 182
            - 174
            - 154
            - 21
            - 226
            - 92
            - 245
            - 172
            - 3
            - 39
            - 10
            - 91
            - 41
            - 190
            - 218
            - 118
            - 70
            - 7
            - 144
            - 188
            - 81
            - 182
            - 52
            - 241
            - 74
            - 218
            - 79
            - 148
            - 167
            - 43
            - 30
            - 31
            - 26
            - 172
            - 123
            - 238
            - 103
            - 161
            - 251
            - 204
            - 164
            - 240
            - 8
        txn:
            amt: 20000000
            fee: 239000
            fv: 27
            gen: sandnet-v1
            gh:
                - 162
                - 56
                - 17
                - 220
                - 93
                - 187
                - 105
                - 81
                - 44
                - 180
                - 129
                - 217
                - 238
                - 115
                - 77
                - 104
                - 195
                - 142
                - 55
                - 206
                - 217
                - 92
                - 188
                - 226
                - 96
                - 66
                - 247
                - 242
                - 249
                - 186
                - 94
                - 17
            lv: 1027
            rcv:
                - 66
                - 63
                - 219
                - 200
                - 109
                - 82
                - 226
                - 140
                - 234
                - 77
                - 126
                - 229
                - 225
                - 2
                - 200
                - 248
                - 157
                - 163
                - 52
                - 60
                - 60
                - 172
                - 88
                - 209
                - 171
                - 247
                - 233
                - 68
                - 67
                - 207
                - 126
                - 119
            snd:
                - 7
                - 170
                - 201
                - 143
                - 96
                - 106
                - 98
                - 214
                - 5
                - 221
                - 53
                - 67
                - 244
                - 177
                - 242
                - 130
                - 195
                - 75
                - 102
                - 139
                - 248
                - 81
                - 33
                - 44
                - 153
                - 2
                - 76
                - 6
                - 3
                - 21
                - 212
                - 167
            type: pay
