"Funding Contract: II75XSDNKLRIZ2SNP3S6CAWI7CO2GNB4HSWFRUNL67UUIQ6PPZ3TOSG3BE\nLsig: fee-check.teal":
    confirmed-round: 8
    pool-error: ""
    txn:
        sig:
            - 121
            - 236
            - 16
            - 53
            - 98
            - 165
            - 111
            - 119
            - 100
            - 85
            - 46
            - 215
            - 190
            - 9
            - 42
            - 22
            - 12
            - 93
            - 226
            - 71
            - 212
            - 246
            - 233
            - 160
            - 141
            - 165
            - 216
            - 26
            - 222
            - 172
            - 169
            - 218
            - 19
            - 92
            - 248
            - 55
            - 151
            - 43
            - 171
            - 180
            - 188
            - 127
            - 133
            - 44
            - 188
            - 31
            - 176
            - 23
            - 46
            - 207
            - 149
            - 48
            - 107
            - 242
            - 150
            - 104
            - 135
            - 88
            - 97
            - 115
            - 165
            - 224
            - 240
            - 0
        txn:
            amt: 20000000
            fee: 239000
            fv: 7
            gen: sandnet-v1
            gh:
                - 162
                - 56
                - 17
                - 220
                - 93
                - 187
                - 105
                - 81
                - 44
                - 180
                - 129
                - 217
                - 238
                - 115
                - 77
                - 104
                - 195
                - 142
                - 55
                - 206
                - 217
                - 92
                - 188
                - 226
                - 96
                - 66
                - 247
                - 242
                - 249
                - 186
                - 94
                - 17
            lv: 1007
            rcv:
                - 66
                - 63
                - 219
                - 200
                - 109
                - 82
                - 226
                - 140
                - 234
                - 77
                - 126
                - 229
                - 225
                - 2
                - 200
                - 248
                - 157
                - 163
                - 52
                - 60
                - 60
                - 172
                - 88
                - 209
                - 171
                - 247
                - 233
                - 68
                - 67
                - 207
                - 126
                - 119
            snd:
                - 7
                - 170
                - 201
                - 143
                - 96
                - 106
                - 98
                - 214
                - 5
                - 221
                - 53
                - 67
                - 244
                - 177
                - 242
                - 130
                - 195
                - 75
                - 102
                - 139
                - 248
                - 81
                - 33
                - 44
                - 153
                - 2
                - 76
                - 6
                - 3
                - 21
                - 212
                - 167
            type: pay
