"Funding Contract: GN5VUIE4D7WCYFLZK5LPQCL4Z66Y2RIIVCUG3U7FK4W5TKQSLK2G7V6TGY\nLsig: escrow.py":
    confirmed-round: 23
    pool-error: ""
    txn:
        sig:
            - 20
            - 100
            - 211
            - 69
            - 11
            - 248
            - 222
            - 58
            - 137
            - 65
            - 248
            - 243
            - 206
            - 200
            - 9
            - 248
            - 203
            - 50
            - 141
            - 219
            - 187
            - 12
            - 249
            - 104
            - 77
            - 188
            - 71
            - 179
            - 92
            - 87
            - 248
            - 179
            - 99
            - 123
            - 107
            - 104
            - 226
            - 42
            - 90
            - 62
            - 87
            - 54
            - 66
            - 79
            - 108
            - 108
            - 114
            - 215
            - 13
            - 68
            - 172
            - 207
            - 245
            - 58
            - 194
            - 39
            - 20
            - 36
            - 105
            - 249
            - 59
            - 65
            - 71
            - 6
        txn:
            amt: 20000000
            fee: 239000
            fv: 22
            gen: sandnet-v1
            gh:
                - 162
                - 56
                - 17
                - 220
                - 93
                - 187
                - 105
                - 81
                - 44
                - 180
                - 129
                - 217
                - 238
                - 115
                - 77
                - 104
                - 195
                - 142
                - 55
                - 206
                - 217
                - 92
                - 188
                - 226
                - 96
                - 66
                - 247
                - 242
                - 249
                - 186
                - 94
                - 17
            lv: 1022
            rcv:
                - 51
                - 123
                - 90
                - 32
                - 156
                - 31
                - 236
                - 44
                - 21
                - 121
                - 87
                - 86
                - 248
                - 9
                - 124
                - 207
                - 189
                - 141
                - 69
                - 8
                - 168
                - 168
                - 109
                - 211
                - 229
                - 87
                - 45
                - 217
                - 170
                - 18
                - 90
                - 180
            snd:
                - 7
                - 170
                - 201
                - 143
                - 96
                - 106
                - 98
                - 214
                - 5
                - 221
                - 53
                - 67
                - 244
                - 177
                - 242
                - 130
                - 195
                - 75
                - 102
                - 139
                - 248
                - 81
                - 33
                - 44
                - 153
                - 2
                - 76
                - 6
                - 3
                - 21
                - 212
                - 167
            type: pay
