"Funding Contract: GN5VUIE4D7WCYFLZK5LPQCL4Z66Y2RIIVCUG3U7FK4W5TKQSLK2G7V6TGY\nLsig: escrow.py":
    confirmed-round: 5
    pool-error: ""
    txn:
        sig:
            - 41
            - 255
            - 7
            - 251
            - 144
            - 85
            - 13
            - 64
            - 228
            - 134
            - 1
            - 149
            - 199
            - 254
            - 127
            - 58
            - 112
            - 247
            - 19
            - 49
            - 69
            - 30
            - 76
            - 37
            - 22
            - 173
            - 144
            - 16
            - 252
            - 243
            - 13
            - 30
            - 95
            - 183
            - 128
            - 75
            - 3
            - 196
            - 141
            - 19
            - 193
            - 212
            - 99
            - 11
            - 104
            - 125
            - 2
            - 10
            - 134
            - 73
            - 48
            - 200
            - 106
            - 56
            - 70
            - 145
            - 102
            - 58
            - 245
            - 168
            - 210
            - 243
            - 119
            - 9
        txn:
            amt: 20000000
            fee: 239000
            fv: 4
            gen: sandnet-v1
            gh:
                - 162
                - 56
                - 17
                - 220
                - 93
                - 187
                - 105
                - 81
                - 44
                - 180
                - 129
                - 217
                - 238
                - 115
                - 77
                - 104
                - 195
                - 142
                - 55
                - 206
                - 217
                - 92
                - 188
                - 226
                - 96
                - 66
                - 247
                - 242
                - 249
                - 186
                - 94
                - 17
            lv: 1004
            rcv:
                - 51
                - 123
                - 90
                - 32
                - 156
                - 31
                - 236
                - 44
                - 21
                - 121
                - 87
                - 86
                - 248
                - 9
                - 124
                - 207
                - 189
                - 141
                - 69
                - 8
                - 168
                - 168
                - 109
                - 211
                - 229
                - 87
                - 45
                - 217
                - 170
                - 18
                - 90
                - 180
            snd:
                - 7
                - 170
                - 201
                - 143
                - 96
                - 106
                - 98
                - 214
                - 5
                - 221
                - 53
                - 67
                - 244
                - 177
                - 242
                - 130
                - 195
                - 75
                - 102
                - 139
                - 248
                - 81
                - 33
                - 44
                - 153
                - 2
                - 76
                - 6
                - 3
                - 21
                - 212
                - 167
            type: pay
