"Funding Contract: GN5VUIE4D7WCYFLZK5LPQCL4Z66Y2RIIVCUG3U7FK4W5TKQSLK2G7V6TGY\nLsig: escrow.py":
    confirmed-round: 15
    pool-error: ""
    txn:
        sig:
            - 96
            - 247
            - 125
            - 82
            - 181
            - 235
            - 9
            - 224
            - 223
            - 228
            - 28
            - 74
            - 48
            - 234
            - 53
            - 36
            - 98
            - 113
            - 71
            - 155
            - 227
            - 197
            - 178
            - 213
            - 95
            - 206
            - 92
            - 68
            - 215
            - 199
            - 239
            - 4
            - 32
            - 146
            - 52
            - 169
            - 214
            - 99
            - 241
            - 182
            - 205
            - 118
            - 95
            - 209
            - 67
            - 128
            - 148
            - 89
            - 27
            - 75
            - 94
            - 17
            - 119
            - 84
            - 146
            - 253
            - 82
            - 17
            - 192
            - 32
            - 178
            - 156
            - 56
            - 14
        txn:
            amt: 20000000
            fee: 239000
            fv: 14
            gen: sandnet-v1
            gh:
                - 162
                - 56
                - 17
                - 220
                - 93
                - 187
                - 105
                - 81
                - 44
                - 180
                - 129
                - 217
                - 238
                - 115
                - 77
                - 104
                - 195
                - 142
                - 55
                - 206
                - 217
                - 92
                - 188
                - 226
                - 96
                - 66
                - 247
                - 242
                - 249
                - 186
                - 94
                - 17
            lv: 1014
            rcv:
                - 51
                - 123
                - 90
                - 32
                - 156
                - 31
                - 236
                - 44
                - 21
                - 121
                - 87
                - 86
                - 248
                - 9
                - 124
                - 207
                - 189
                - 141
                - 69
                - 8
                - 168
                - 168
                - 109
                - 211
                - 229
                - 87
                - 45
                - 217
                - 170
                - 18
                - 90
                - 180
            snd:
                - 7
                - 170
                - 201
                - 143
                - 96
                - 106
                - 98
                - 214
                - 5
                - 221
                - 53
                - 67
                - 244
                - 177
                - 242
                - 130
                - 195
                - 75
                - 102
                - 139
                - 248
                - 81
                - 33
                - 44
                - 153
                - 2
                - 76
                - 6
                - 3
                - 21
                - 212
                - 167
            type: pay
