"Funding Contract: GN5VUIE4D7WCYFLZK5LPQCL4Z66Y2RIIVCUG3U7FK4W5TKQSLK2G7V6TGY\nLsig: escrow.py":
    confirmed-round: 9
    pool-error: ""
    txn:
        sig:
            - 214
            - 150
            - 175
            - 27
            - 208
            - 253
            - 112
            - 246
            - 91
            - 212
            - 151
            - 223
            - 166
            - 254
            - 132
            - 195
            - 47
            - 99
            - 140
            - 211
            - 209
            - 15
            - 213
            - 251
            - 37
            - 168
            - 245
            - 236
            - 254
            - 248
            - 206
            - 208
            - 253
            - 209
            - 234
            - 0
            - 211
            - 111
            - 212
            - 127
            - 46
            - 50
            - 71
            - 44
            - 12
            - 24
            - 195
            - 150
            - 154
            - 255
            - 64
            - 128
            - 235
            - 34
            - 255
            - 0
            - 143
            - 17
            - 184
            - 186
            - 228
            - 128
            - 142
            - 8
        txn:
            amt: 20000000
            fee: 239000
            fv: 8
            gen: sandnet-v1
            gh:
                - 162
                - 56
                - 17
                - 220
                - 93
                - 187
                - 105
                - 81
                - 44
                - 180
                - 129
                - 217
                - 238
                - 115
                - 77
                - 104
                - 195
                - 142
                - 55
                - 206
                - 217
                - 92
                - 188
                - 226
                - 96
                - 66
                - 247
                - 242
                - 249
                - 186
                - 94
                - 17
            lv: 1008
            rcv:
                - 51
                - 123
                - 90
                - 32
                - 156
                - 31
                - 236
                - 44
                - 21
                - 121
                - 87
                - 86
                - 248
                - 9
                - 124
                - 207
                - 189
                - 141
                - 69
                - 8
                - 168
                - 168
                - 109
                - 211
                - 229
                - 87
                - 45
                - 217
                - 170
                - 18
                - 90
                - 180
            snd:
                - 7
                - 170
                - 201
                - 143
                - 96
                - 106
                - 98
                - 214
                - 5
                - 221
                - 53
                - 67
                - 244
                - 177
                - 242
                - 130
                - 195
                - 75
                - 102
                - 139
                - 248
                - 81
                - 33
                - 44
                - 153
                - 2
                - 76
                - 6
                - 3
                - 21
                - 212
                - 167
            type: pay
