"Funding Contract: GN5VUIE4D7WCYFLZK5LPQCL4Z66Y2RIIVCUG3U7FK4W5TKQSLK2G7V6TGY\nLsig: escrow.py":
    confirmed-round: 11
    pool-error: ""
    txn:
        sig:
            - 124
            - 151
            - 194
            - 36
            - 102
            - 76
            - 145
            - 215
            - 135
            - 93
            - 231
            - 161
            - 181
            - 210
            - 254
            - 10
            - 159
            - 234
            - 78
            - 191
            - 180
            - 170
            - 231
            - 98
            - 88
            - 181
            - 52
            - 25
            - 113
            - 60
            - 165
            - 226
            - 230
            - 83
            - 80
            - 90
            - 134
            - 179
            - 246
            - 141
            - 11
            - 47
            - 132
            - 193
            - 87
            - 5
            - 144
            - 183
            - 146
            - 103
            - 226
            - 200
            - 101
            - 188
            - 166
            - 156
            - 231
            - 60
            - 35
            - 131
            - 254
            - 248
            - 98
            - 7
        txn:
            amt: 20000000
            fee: 239000
            fv: 10
            gen: sandnet-v1
            gh:
                - 162
                - 56
                - 17
                - 220
                - 93
                - 187
                - 105
                - 81
                - 44
                - 180
                - 129
                - 217
                - 238
                - 115
                - 77
                - 104
                - 195
                - 142
                - 55
                - 206
                - 217
                - 92
                - 188
                - 226
                - 96
                - 66
                - 247
                - 242
                - 249
                - 186
                - 94
                - 17
            lv: 1010
            rcv:
                - 51
                - 123
                - 90
                - 32
                - 156
                - 31
                - 236
                - 44
                - 21
                - 121
                - 87
                - 86
                - 248
                - 9
                - 124
                - 207
                - 189
                - 141
                - 69
                - 8
                - 168
                - 168
                - 109
                - 211
                - 229
                - 87
                - 45
                - 217
                - 170
                - 18
                - 90
                - 180
            snd:
                - 7
                - 170
                - 201
                - 143
                - 96
                - 106
                - 98
                - 214
                - 5
                - 221
                - 53
                - 67
                - 244
                - 177
                - 242
                - 130
                - 195
                - 75
                - 102
                - 139
                - 248
                - 81
                - 33
                - 44
                - 153
                - 2
                - 76
                - 6
                - 3
                - 21
                - 212
                - 167
            type: pay
