"Funding Contract: GN5VUIE4D7WCYFLZK5LPQCL4Z66Y2RIIVCUG3U7FK4W5TKQSLK2G7V6TGY\nLsig: escrow.py":
    confirmed-round: 29
    pool-error: ""
    txn:
        sig:
            - 34
            - 83
            - 127
            - 14
            - 150
            - 11
            - 133
            - 171
            - 207
            - 119
            - 106
            - 179
            - 247
            - 244
            - 174
            - 119
            - 194
            - 89
            - 66
            - 137
            - 121
            - 17
            - 83
            - 126
            - 131
            - 87
            - 151
            - 30
            - 20
            - 160
            - 32
            - 226
            - 72
            - 112
            - 178
            - 192
            - 31
            - 161
            - 158
            - 20
            - 113
            - 194
            - 210
            - 186
            - 91
            - 102
            - 240
            - 142
            - 166
            - 90
            - 213
            - 195
            - 53
            - 151
            - 198
            - 157
            - 231
            - 78
            - 96
            - 164
            - 199
            - 200
            - 189
            - 9
        txn:
            amt: 20000000
            fee: 239000
            fv: 28
            gen: sandnet-v1
            gh:
                - 162
                - 56
                - 17
                - 220
                - 93
                - 187
                - 105
                - 81
                - 44
                - 180
                - 129
                - 217
                - 238
                - 115
                - 77
                - 104
                - 195
                - 142
                - 55
                - 206
                - 217
                - 92
                - 188
                - 226
                - 96
                - 66
                - 247
                - 242
                - 249
                - 186
                - 94
                - 17
            lv: 1028
            rcv:
                - 51
                - 123
                - 90
                - 32
                - 156
                - 31
                - 236
                - 44
                - 21
                - 121
                - 87
                - 86
                - 248
                - 9
                - 124
                - 207
                - 189
                - 141
                - 69
                - 8
                - 168
                - 168
                - 109
                - 211
                - 229
                - 87
                - 45
                - 217
                - 170
                - 18
                - 90
                - 180
            snd:
                - 7
                - 170
                - 201
                - 143
                - 96
                - 106
                - 98
                - 214
                - 5
                - 221
                - 53
                - 67
                - 244
                - 177
                - 242
                - 130
                - 195
                - 75
                - 102
                - 139
                - 248
                - 81
                - 33
                - 44
                - 153
                - 2
                - 76
                - 6
                - 3
                - 21
                - 212
                - 167
            type: pay
