"Funding Contract: GN5VUIE4D7WCYFLZK5LPQCL4Z66Y2RIIVCUG3U7FK4W5TKQSLK2G7V6TGY\nLsig: escrow.py":
    confirmed-round: 17
    pool-error: ""
    txn:
        sig:
            - 47
            - 104
            - 75
            - 158
            - 68
            - 208
            - 165
            - 253
            - 25
            - 67
            - 205
            - 77
            - 143
            - 247
            - 138
            - 180
            - 10
            - 51
            - 104
            - 133
            - 247
            - 194
            - 84
            - 231
            - 142
            - 154
            - 156
            - 8
            - 165
            - 31
            - 104
            - 50
            - 169
            - 236
            - 200
            - 32
            - 141
            - 63
            - 228
            - 34
            - 88
            - 106
            - 224
            - 93
            - 114
            - 40
            - 9
            - 178
            - 126
            - 137
            - 227
            - 125
            - 169
            - 164
            - 61
            - 33
            - 44
            - 219
            - 243
            - 153
            - 60
            - 44
            - 205
            - 15
        txn:
            amt: 20000000
            fee: 239000
            fv: 16
            gen: sandnet-v1
            gh:
                - 162
                - 56
                - 17
                - 220
                - 93
                - 187
                - 105
                - 81
                - 44
                - 180
                - 129
                - 217
                - 238
                - 115
                - 77
                - 104
                - 195
                - 142
                - 55
                - 206
                - 217
                - 92
                - 188
                - 226
                - 96
                - 66
                - 247
                - 242
                - 249
                - 186
                - 94
                - 17
            lv: 1016
            rcv:
                - 51
                - 123
                - 90
                - 32
                - 156
                - 31
                - 236
                - 44
                - 21
                - 121
                - 87
                - 86
                - 248
                - 9
                - 124
                - 207
                - 189
                - 141
                - 69
                - 8
                - 168
                - 168
                - 109
                - 211
                - 229
                - 87
                - 45
                - 217
                - 170
                - 18
                - 90
                - 180
            snd:
                - 7
                - 170
                - 201
                - 143
                - 96
                - 106
                - 98
                - 214
                - 5
                - 221
                - 53
                - 67
                - 244
                - 177
                - 242
                - 130
                - 195
                - 75
                - 102
                - 139
                - 248
                - 81
                - 33
                - 44
                - 153
                - 2
                - 76
                - 6
                - 3
                - 21
                - 212
                - 167
            type: pay
