"Funding Contract: MJRUJHXMS2JTZRV3UV6B6OJLRHER6OYBH5RZ7ZPXF3GPCQ65KXLML7UYRQ\nLsig: alway-true.teal":
    confirmed-round: 24
    pool-error: ""
    txn:
        sig:
            - 159
            - 173
            - 117
            - 38
            - 57
            - 206
            - 47
            - 161
            - 24
            - 231
            - 127
            - 229
            - 195
            - 160
            - 40
            - 220
            - 57
            - 27
            - 81
            - 148
            - 202
            - 27
            - 92
            - 230
            - 173
            - 8
            - 241
            - 71
            - 252
            - 79
            - 101
            - 62
            - 96
            - 242
            - 245
            - 137
            - 179
            - 250
            - 162
            - 254
            - 6
            - 240
            - 28
            - 98
            - 53
            - 82
            - 30
            - 99
            - 216
            - 173
            - 58
            - 91
            - 92
            - 148
            - 0
            - 105
            - 184
            - 231
            - 80
            - 9
            - 190
            - 157
            - 214
            - 9
        txn:
            amt: 20000000
            fee: 239000
            fv: 23
            gen: sandnet-v1
            gh:
                - 162
                - 56
                - 17
                - 220
                - 93
                - 187
                - 105
                - 81
                - 44
                - 180
                - 129
                - 217
                - 238
                - 115
                - 77
                - 104
                - 195
                - 142
                - 55
                - 206
                - 217
                - 92
                - 188
                - 226
                - 96
                - 66
                - 247
                - 242
                - 249
                - 186
                - 94
                - 17
            lv: 1023
            rcv:
                - 98
                - 99
                - 68
                - 158
                - 236
                - 150
                - 147
                - 60
                - 198
                - 187
                - 165
                - 124
                - 31
                - 57
                - 43
                - 137
                - 201
                - 31
                - 59
                - 1
                - 63
                - 99
                - 159
                - 229
                - 247
                - 46
                - 204
                - 241
                - 67
                - 221
                - 85
                - 214
            snd:
                - 7
                - 170
                - 201
                - 143
                - 96
                - 106
                - 98
                - 214
                - 5
                - 221
                - 53
                - 67
                - 244
                - 177
                - 242
                - 130
                - 195
                - 75
                - 102
                - 139
                - 248
                - 81
                - 33
                - 44
                - 153
                - 2
                - 76
                - 6
                - 3
                - 21
                - 212
                - 167
            type: pay
