"Funding Contract: 2BAF5BF3M5CKGIZFA22VYLTETYYYY7SFD3HHURKBAQ2MJ7CTJWRJOD56TQ\nLsig: alway-true.teal":
    confirmed-round: 18
    pool-error: ""
    txn:
        sig:
            - 103
            - 58
            - 96
            - 2
            - 10
            - 136
            - 38
            - 169
            - 86
            - 250
            - 45
            - 198
            - 205
            - 129
            - 35
            - 24
            - 27
            - 233
            - 98
            - 192
            - 113
            - 40
            - 39
            - 13
            - 65
            - 228
            - 173
            - 225
            - 234
            - 230
            - 192
            - 55
            - 40
            - 170
            - 35
            - 88
            - 93
            - 60
            - 14
            - 112
            - 112
            - 232
            - 105
            - 145
            - 55
            - 167
            - 26
            - 29
            - 206
            - 45
            - 161
            - 64
            - 183
            - 147
            - 229
            - 1
            - 72
            - 254
            - 110
            - 160
            - 192
            - 146
            - 219
            - 10
        txn:
            amt: 20000000
            fee: 239000
            fv: 17
            gen: sandnet-v1
            gh:
                - 162
                - 56
                - 17
                - 220
                - 93
                - 187
                - 105
                - 81
                - 44
                - 180
                - 129
                - 217
                - 238
                - 115
                - 77
                - 104
                - 195
                - 142
                - 55
                - 206
                - 217
                - 92
                - 188
                - 226
                - 96
                - 66
                - 247
                - 242
                - 249
                - 186
                - 94
                - 17
            lv: 1017
            rcv:
                - 208
                - 64
                - 94
                - 132
                - 187
                - 103
                - 68
                - 163
                - 35
                - 37
                - 6
                - 181
                - 92
                - 46
                - 100
                - 158
                - 49
                - 140
                - 126
                - 69
                - 30
                - 206
                - 122
                - 69
                - 65
                - 4
                - 52
                - 196
                - 252
                - 83
                - 77
                - 162
            snd:
                - 7
                - 170
                - 201
                - 143
                - 96
                - 106
                - 98
                - 214
                - 5
                - 221
                - 53
                - 67
                - 244
                - 177
                - 242
                - 130
                - 195
                - 75
                - 102
                - 139
                - 248
                - 81
                - 33
                - 44
                - 153
                - 2
                - 76
                - 6
                - 3
                - 21
                - 212
                - 167
            type: pay
