"Funding Contract: MGPXEUQ3WNETRCY64K57CHQ6X65A5SZRRKJPDMDSGIJN2HQNSZ34FPRJPE\nLsig: alway-true.teal":
    confirmed-round: 30
    pool-error: ""
    txn:
        sig:
            - 41
            - 202
            - 226
            - 131
            - 160
            - 1
            - 48
            - 43
            - 31
            - 2
            - 157
            - 124
            - 195
            - 143
            - 226
            - 127
            - 93
            - 41
            - 34
            - 180
            - 47
            - 56
            - 133
            - 165
            - 121
            - 182
            - 171
            - 15
            - 238
            - 163
            - 151
            - 196
            - 45
            - 81
            - 95
            - 164
            - 36
            - 159
            - 170
            - 84
            - 150
            - 22
            - 225
            - 146
            - 137
            - 60
            - 26
            - 77
            - 168
            - 24
            - 85
            - 180
            - 111
            - 143
            - 93
            - 215
            - 189
            - 188
            - 43
            - 142
            - 18
            - 13
            - 77
            - 2
        txn:
            amt: 20000000
            fee: 239000
            fv: 29
            gen: sandnet-v1
            gh:
                - 162
                - 56
                - 17
                - 220
                - 93
                - 187
                - 105
                - 81
                - 44
                - 180
                - 129
                - 217
                - 238
                - 115
                - 77
                - 104
                - 195
                - 142
                - 55
                - 206
                - 217
                - 92
                - 188
                - 226
                - 96
                - 66
                - 247
                - 242
                - 249
                - 186
                - 94
                - 17
            lv: 1029
            rcv:
                - 97
                - 159
                - 114
                - 82
                - 27
                - 179
                - 73
                - 56
                - 139
                - 30
                - 226
                - 187
                - 241
                - 30
                - 30
                - 191
                - 186
                - 14
                - 203
                - 49
                - 138
                - 146
                - 241
                - 176
                - 114
                - 50
                - 18
                - 221
                - 30
                - 13
                - 150
                - 119
            snd:
                - 7
                - 170
                - 201
                - 143
                - 96
                - 106
                - 98
                - 214
                - 5
                - 221
                - 53
                - 67
                - 244
                - 177
                - 242
                - 130
                - 195
                - 75
                - 102
                - 139
                - 248
                - 81
                - 33
                - 44
                - 153
                - 2
                - 76
                - 6
                - 3
                - 21
                - 212
                - 167
            type: pay
