"Funding Contract: 2BAF5BF3M5CKGIZFA22VYLTETYYYY7SFD3HHURKBAQ2MJ7CTJWRJOD56TQ\nLsig: alway-true.teal":
    confirmed-round: 12
    pool-error: ""
    txn:
        sig:
            - 134
            - 151
            - 2
            - 72
            - 121
            - 42
            - 43
            - 51
            - 51
            - 238
            - 170
            - 172
            - 64
            - 236
            - 215
            - 23
            - 148
            - 138
            - 193
            - 1
            - 176
            - 14
            - 109
            - 155
            - 185
            - 221
            - 106
            - 49
            - 11
            - 149
            - 174
            - 243
            - 59
            - 236
            - 196
            - 80
            - 243
            - 63
            - 127
            - 10
            - 239
            - 99
            - 177
            - 214
            - 63
            - 193
            - 116
            - 90
            - 233
            - 184
            - 64
            - 235
            - 162
            - 35
            - 223
            - 238
            - 52
            - 44
            - 49
            - 220
            - 129
            - 168
            - 123
            - 9
        txn:
            amt: 20000000
            fee: 239000
            fv: 11
            gen: sandnet-v1
            gh:
                - 162
                - 56
                - 17
                - 220
                - 93
                - 187
                - 105
                - 81
                - 44
                - 180
                - 129
                - 217
                - 238
                - 115
                - 77
                - 104
                - 195
                - 142
                - 55
                - 206
                - 217
                - 92
                - 188
                - 226
                - 96
                - 66
                - 247
                - 242
                - 249
                - 186
                - 94
                - 17
            lv: 1011
            rcv:
                - 208
                - 64
                - 94
                - 132
                - 187
                - 103
                - 68
                - 163
                - 35
                - 37
                - 6
                - 181
                - 92
                - 46
                - 100
                - 158
                - 49
                - 140
                - 126
                - 69
                - 30
                - 206
                - 122
                - 69
                - 65
                - 4
                - 52
                - 196
                - 252
                - 83
                - 77
                - 162
            snd:
                - 7
                - 170
                - 201
                - 143
                - 96
                - 106
                - 98
                - 214
                - 5
                - 221
                - 53
                - 67
                - 244
                - 177
                - 242
                - 130
                - 195
                - 75
                - 102
                - 139
                - 248
                - 81
                - 33
                - 44
                - 153
                - 2
                - 76
                - 6
                - 3
                - 21
                - 212
                - 167
            type: pay
