"Funding Contract: MGPXEUQ3WNETRCY64K57CHQ6X65A5SZRRKJPDMDSGIJN2HQNSZ34FPRJPE\nLsig: alway-true.teal":
    confirmed-round: 16
    pool-error: ""
    txn:
        sig:
            - 92
            - 23
            - 125
            - 205
            - 113
            - 236
            - 119
            - 197
            - 29
            - 53
            - 167
            - 25
            - 125
            - 5
            - 179
            - 196
            - 246
            - 225
            - 237
            - 247
            - 31
            - 77
            - 78
            - 21
            - 244
            - 99
            - 6
            - 122
            - 114
            - 53
            - 164
            - 220
            - 204
            - 172
            - 161
            - 145
            - 1
            - 193
            - 201
            - 163
            - 251
            - 74
            - 213
            - 248
            - 126
            - 27
            - 200
            - 154
            - 157
            - 152
            - 2
            - 96
            - 236
            - 132
            - 109
            - 16
            - 187
            - 72
            - 184
            - 123
            - 27
            - 139
            - 108
            - 14
        txn:
            amt: 20000000
            fee: 239000
            fv: 15
            gen: sandnet-v1
            gh:
                - 162
                - 56
                - 17
                - 220
                - 93
                - 187
                - 105
                - 81
                - 44
                - 180
                - 129
                - 217
                - 238
                - 115
                - 77
                - 104
                - 195
                - 142
                - 55
                - 206
                - 217
                - 92
                - 188
                - 226
                - 96
                - 66
                - 247
                - 242
                - 249
                - 186
                - 94
                - 17
            lv: 1015
            rcv:
                - 97
                - 159
                - 114
                - 82
                - 27
                - 179
                - 73
                - 56
                - 139
                - 30
                - 226
                - 187
                - 241
                - 30
                - 30
                - 191
                - 186
                - 14
                - 203
                - 49
                - 138
                - 146
                - 241
                - 176
                - 114
                - 50
                - 18
                - 221
                - 30
                - 13
                - 150
                - 119
            snd:
                - 7
                - 170
                - 201
                - 143
                - 96
                - 106
                - 98
                - 214
                - 5
                - 221
                - 53
                - 67
                - 244
                - 177
                - 242
                - 130
                - 195
                - 75
                - 102
                - 139
                - 248
                - 81
                - 33
                - 44
                - 153
                - 2
                - 76
                - 6
                - 3
                - 21
                - 212
                - 167
            type: pay
