"Funding Contract: BJATCHES5YJZJ7JITYMVLSSIQAVAWBQRVGPQUDT5AZ2QSLDSXWWM46THOY\nLsig: alway-true.teal":
    confirmed-round: 6
    pool-error: ""
    txn:
        sig:
            - 177
            - 109
            - 230
            - 136
            - 203
            - 9
            - 206
            - 225
            - 143
            - 99
            - 9
            - 162
            - 88
            - 45
            - 124
            - 35
            - 202
            - 10
            - 109
            - 129
            - 33
            - 67
            - 78
            - 37
            - 134
            - 32
            - 188
            - 25
            - 184
            - 126
            - 84
            - 7
            - 173
            - 54
            - 137
            - 147
            - 180
            - 31
            - 111
            - 141
            - 95
            - 188
            - 126
            - 48
            - 199
            - 172
            - 171
            - 147
            - 82
            - 200
            - 194
            - 89
            - 66
            - 77
            - 251
            - 83
            - 127
            - 114
            - 77
            - 143
            - 217
            - 226
            - 237
            - 14
        txn:
            amt: 20000000
            fee: 239000
            fv: 5
            gen: sandnet-v1
            gh:
                - 162
                - 56
                - 17
                - 220
                - 93
                - 187
                - 105
                - 81
                - 44
                - 180
                - 129
                - 217
                - 238
                - 115
                - 77
                - 104
                - 195
                - 142
                - 55
                - 206
                - 217
                - 92
                - 188
                - 226
                - 96
                - 66
                - 247
                - 242
                - 249
                - 186
                - 94
                - 17
            lv: 1005
            rcv:
                - 10
                - 65
                - 49
                - 28
                - 146
                - 238
                - 19
                - 148
                - 253
                - 40
                - 158
                - 25
                - 85
                - 202
                - 72
                - 128
                - 42
                - 11
                - 6
                - 17
                - 169
                - 159
                - 10
                - 14
                - 125
                - 6
                - 117
                - 9
                - 44
                - 114
                - 189
                - 172
            snd:
                - 7
                - 170
                - 201
                - 143
                - 96
                - 106
                - 98
                - 214
                - 5
                - 221
                - 53
                - 67
                - 244
                - 177
                - 242
                - 130
                - 195
                - 75
                - 102
                - 139
                - 248
                - 81
                - 33
                - 44
                - 153
                - 2
                - 76
                - 6
                - 3
                - 21
                - 212
                - 167
            type: pay
