"Funding Contract: MGPXEUQ3WNETRCY64K57CHQ6X65A5SZRRKJPDMDSGIJN2HQNSZ34FPRJPE\nLsig: alway-true.teal":
    confirmed-round: 6
    pool-error: ""
    txn:
        sig:
            - 54
            - 106
            - 41
            - 8
            - 53
            - 101
            - 202
            - 176
            - 200
            - 54
            - 253
            - 81
            - 122
            - 166
            - 80
            - 8
            - 144
            - 43
            - 120
            - 54
            - 215
            - 207
            - 212
            - 53
            - 14
            - 80
            - 191
            - 224
            - 101
            - 110
            - 153
            - 159
            - 198
            - 150
            - 33
            - 84
            - 5
            - 128
            - 252
            - 117
            - 130
            - 200
            - 94
            - 172
            - 139
            - 150
            - 182
            - 217
            - 183
            - 244
            - 133
            - 144
            - 28
            - 55
            - 103
            - 203
            - 11
            - 228
            - 44
            - 52
            - 78
            - 67
            - 237
            - 2
        txn:
            amt: 20000000
            fee: 239000
            fv: 5
            gen: sandnet-v1
            gh:
                - 162
                - 56
                - 17
                - 220
                - 93
                - 187
                - 105
                - 81
                - 44
                - 180
                - 129
                - 217
                - 238
                - 115
                - 77
                - 104
                - 195
                - 142
                - 55
                - 206
                - 217
                - 92
                - 188
                - 226
                - 96
                - 66
                - 247
                - 242
                - 249
                - 186
                - 94
                - 17
            lv: 1005
            rcv:
                - 97
                - 159
                - 114
                - 82
                - 27
                - 179
                - 73
                - 56
                - 139
                - 30
                - 226
                - 187
                - 241
                - 30
                - 30
                - 191
                - 186
                - 14
                - 203
                - 49
                - 138
                - 146
                - 241
                - 176
                - 114
                - 50
                - 18
                - 221
                - 30
                - 13
                - 150
                - 119
            snd:
                - 7
                - 170
                - 201
                - 143
                - 96
                - 106
                - 98
                - 214
                - 5
                - 221
                - 53
                - 67
                - 244
                - 177
                - 242
                - 130
                - 195
                - 75
                - 102
                - 139
                - 248
                - 81
                - 33
                - 44
                - 153
                - 2
                - 76
                - 6
                - 3
                - 21
                - 212
                - 167
            type: pay
