"Funding Contract: BJATCHES5YJZJ7JITYMVLSSIQAVAWBQRVGPQUDT5AZ2QSLDSXWWM46THOY\nLsig: alway-true.teal":
    confirmed-round: 10
    pool-error: ""
    txn:
        sig:
            - 222
            - 212
            - 157
            - 10
            - 233
            - 43
            - 152
            - 27
            - 129
            - 110
            - 222
            - 88
            - 200
            - 176
            - 86
            - 213
            - 32
            - 198
            - 177
            - 197
            - 88
            - 246
            - 204
            - 120
            - 53
            - 77
            - 239
            - 18
            - 229
            - 133
            - 239
            - 89
            - 62
            - 185
            - 156
            - 115
            - 12
            - 96
            - 247
            - 166
            - 56
            - 109
            - 144
            - 85
            - 77
            - 36
            - 91
            - 73
            - 115
            - 153
            - 239
            - 234
            - 6
            - 254
            - 32
            - 6
            - 227
            - 119
            - 123
            - 73
            - 51
            - 230
            - 62
            - 2
        txn:
            amt: 20000000
            fee: 239000
            fv: 9
            gen: sandnet-v1
            gh:
                - 162
                - 56
                - 17
                - 220
                - 93
                - 187
                - 105
                - 81
                - 44
                - 180
                - 129
                - 217
                - 238
                - 115
                - 77
                - 104
                - 195
                - 142
                - 55
                - 206
                - 217
                - 92
                - 188
                - 226
                - 96
                - 66
                - 247
                - 242
                - 249
                - 186
                - 94
                - 17
            lv: 1009
            rcv:
                - 10
                - 65
                - 49
                - 28
                - 146
                - 238
                - 19
                - 148
                - 253
                - 40
                - 158
                - 25
                - 85
                - 202
                - 72
                - 128
                - 42
                - 11
                - 6
                - 17
                - 169
                - 159
                - 10
                - 14
                - 125
                - 6
                - 117
                - 9
                - 44
                - 114
                - 189
                - 172
            snd:
                - 7
                - 170
                - 201
                - 143
                - 96
                - 106
                - 98
                - 214
                - 5
                - 221
                - 53
                - 67
                - 244
                - 177
                - 242
                - 130
                - 195
                - 75
                - 102
                - 139
                - 248
                - 81
                - 33
                - 44
                - 153
                - 2
                - 76
                - 6
                - 3
                - 21
                - 212
                - 167
            type: pay
