"Funding Contract: NWYS5IFPJ75X4ZBFIY5X5UGA6TUHHZ2YDQZASPUC7AGOE2LO3TLHKOVB5A\nLsig: another-true.teal":
    confirmed-round: 17
    pool-error: ""
    txn:
        sig:
            - 158
            - 229
            - 244
            - 22
            - 183
            - 170
            - 5
            - 246
            - 141
            - 221
            - 186
            - 125
            - 211
            - 32
            - 209
            - 177
            - 14
            - 220
            - 89
            - 140
            - 82
            - 241
            - 242
            - 140
            - 197
            - 112
            - 183
            - 140
            - 141
            - 253
            - 89
            - 227
            - 234
            - 102
            - 190
            - 81
            - 162
            - 222
            - 123
            - 21
            - 80
            - 224
            - 179
            - 253
            - 63
            - 20
            - 39
            - 23
            - 132
            - 146
            - 45
            - 157
            - 90
            - 143
            - 240
            - 96
            - 167
            - 239
            - 144
            - 32
            - 218
            - 97
            - 74
            - 3
        txn:
            amt: 20000000
            fee: 239000
            fv: 16
            gen: sandnet-v1
            gh:
                - 162
                - 56
                - 17
                - 220
                - 93
                - 187
                - 105
                - 81
                - 44
                - 180
                - 129
                - 217
                - 238
                - 115
                - 77
                - 104
                - 195
                - 142
                - 55
                - 206
                - 217
                - 92
                - 188
                - 226
                - 96
                - 66
                - 247
                - 242
                - 249
                - 186
                - 94
                - 17
            lv: 1016
            rcv:
                - 109
                - 177
                - 46
                - 160
                - 175
                - 79
                - 251
                - 126
                - 100
                - 37
                - 70
                - 59
                - 126
                - 208
                - 192
                - 244
                - 232
                - 115
                - 231
                - 88
                - 28
                - 50
                - 9
                - 62
                - 130
                - 248
                - 12
                - 226
                - 105
                - 110
                - 220
                - 214
            snd:
                - 7
                - 170
                - 201
                - 143
                - 96
                - 106
                - 98
                - 214
                - 5
                - 221
                - 53
                - 67
                - 244
                - 177
                - 242
                - 130
                - 195
                - 75
                - 102
                - 139
                - 248
                - 81
                - 33
                - 44
                - 153
                - 2
                - 76
                - 6
                - 3
                - 21
                - 212
                - 167
            type: pay
