"Funding Contract: MGPXEUQ3WNETRCY64K57CHQ6X65A5SZRRKJPDMDSGIJN2HQNSZ34FPRJPE\nLsig: another-true.teal":
    confirmed-round: 7
    pool-error: ""
    txn:
        sig:
            - 220
            - 225
            - 225
            - 41
            - 130
            - 234
            - 105
            - 48
            - 37
            - 31
            - 172
            - 225
            - 125
            - 179
            - 72
            - 102
            - 3
            - 87
            - 117
            - 20
            - 224
            - 27
            - 178
            - 52
            - 123
            - 143
            - 142
            - 103
            - 110
            - 224
            - 255
            - 149
            - 251
            - 253
            - 44
            - 38
            - 112
            - 189
            - 255
            - 214
            - 97
            - 136
            - 194
            - 138
            - 165
            - 1
            - 230
            - 90
            - 205
            - 194
            - 217
            - 215
            - 138
            - 225
            - 69
            - 141
            - 145
            - 247
            - 252
            - 220
            - 216
            - 119
            - 178
            - 15
        txn:
            amt: 20000000
            fee: 239000
            fv: 6
            gen: sandnet-v1
            gh:
                - 162
                - 56
                - 17
                - 220
                - 93
                - 187
                - 105
                - 81
                - 44
                - 180
                - 129
                - 217
                - 238
                - 115
                - 77
                - 104
                - 195
                - 142
                - 55
                - 206
                - 217
                - 92
                - 188
                - 226
                - 96
                - 66
                - 247
                - 242
                - 249
                - 186
                - 94
                - 17
            lv: 1006
            rcv:
                - 97
                - 159
                - 114
                - 82
                - 27
                - 179
                - 73
                - 56
                - 139
                - 30
                - 226
                - 187
                - 241
                - 30
                - 30
                - 191
                - 186
                - 14
                - 203
                - 49
                - 138
                - 146
                - 241
                - 176
                - 114
                - 50
                - 18
                - 221
                - 30
                - 13
                - 150
                - 119
            snd:
                - 7
                - 170
                - 201
                - 143
                - 96
                - 106
                - 98
                - 214
                - 5
                - 221
                - 53
                - 67
                - 244
                - 177
                - 242
                - 130
                - 195
                - 75
                - 102
                - 139
                - 248
                - 81
                - 33
                - 44
                - 153
                - 2
                - 76
                - 6
                - 3
                - 21
                - 212
                - 167
            type: pay
